Name:           h-philipp-scooters-master-7-from-build-pack-b6n8w-pod-2633a4
Namespace:      jx
Priority:       0
Node:           ip-192-168-30-250.eu-central-1.compute.internal/192.168.30.250
Start Time:     Thu, 27 Jun 2019 10:22:45 +0200
Labels:         branch=master
                created-by-prow=true
                jenkins.io/task-stage-name=from-build-pack
                owner=h-philipp
                prowJobName=b988d622-98b4-11e9-9fe8-6c40089a807a
                repo=scooters
                tekton.dev/pipeline=h-philipp-scooters-master-7
                tekton.dev/pipelineRun=h-philipp-scooters-master-7
                tekton.dev/task=h-philipp-scooters-master-from-build-pack-7
                tekton.dev/taskRun=h-philipp-scooters-master-7-from-build-pack-b6n8w
Annotations:    sidecar.istio.io/inject: false
Status:         Succeeded
IP:             192.168.0.179
Controlled By:  TaskRun/h-philipp-scooters-master-7-from-build-pack-b6n8w
Init Containers:
  build-step-credential-initializer-6tqfx:
    Container ID:  docker://803ce78e018fd954fc87090da1544277429b65e7f47309666b799abf1b91a3dd
    Image:         gcr.io/tekton-releases/github.com/tektoncd/pipeline/cmd/creds-init:v0.4.0
    Image ID:      docker-pullable://gcr.io/tekton-releases/github.com/tektoncd/pipeline/cmd/creds-init@sha256:b4877c99d928fad3cf26c995d171674b34d206178d6f9f0efb337ebff01bb34b
    Port:          <none>
    Host Port:     <none>
    Command:
      /ko-app/creds-init
    Args:
      -basic-git=knative-git-user-pass=https://github.com
    State:          Terminated
      Reason:       Completed
      Exit Code:    0
      Started:      Thu, 27 Jun 2019 10:22:46 +0200
      Finished:     Thu, 27 Jun 2019 10:22:46 +0200
    Ready:          True
    Restart Count:  0
    Environment:
      HOME:  /builder/home
    Mounts:
      /builder/home from home (rw)
      /var/build-secrets/knative-git-user-pass from secret-volume-knative-git-user-pass-q6bdt (rw)
      /var/run/secrets/kubernetes.io/serviceaccount from tekton-bot-token-bdmzk (ro)
      /workspace from workspace (rw)
  build-step-working-dir-initializer-khtbd:
    Container ID:  docker://a7d32719d92d6384d25159795d7aae563f2e19817ffe344735e07970942a0d5a
    Image:         gcr.io/tekton-releases/github.com/tektoncd/pipeline/cmd/bash:v0.4.0
    Image ID:      docker-pullable://gcr.io/tekton-releases/github.com/tektoncd/pipeline/cmd/bash@sha256:0355a9b21a7c0cc9466bf75071648e266de07b5e13fbfd271ec791c45a818bdb
    Port:          <none>
    Host Port:     <none>
    Command:
      /ko-app/bash
    Args:
      -args
      mkdir -p /workspace/source /workspace/source/charts/scooters
    State:          Terminated
      Reason:       Completed
      Exit Code:    0
      Started:      Thu, 27 Jun 2019 10:22:47 +0200
      Finished:     Thu, 27 Jun 2019 10:22:47 +0200
    Ready:          True
    Restart Count:  0
    Environment:
      HOME:  /builder/home
    Mounts:
      /builder/home from home (rw)
      /var/run/secrets/kubernetes.io/serviceaccount from tekton-bot-token-bdmzk (ro)
      /workspace from workspace (rw)
  build-step-place-tools:
    Container ID:  docker://b7863df68cf701575d574a07debbf6eed2cadc6d8ee0177611d00424ebe24211
    Image:         gcr.io/tekton-releases/github.com/tektoncd/pipeline/cmd/entrypoint:v0.4.0
    Image ID:      docker-pullable://gcr.io/tekton-releases/github.com/tektoncd/pipeline/cmd/entrypoint@sha256:4d1fe990ca06ecc671370dfeab31d857efa8ccf81d632a672561c60482fd9aae
    Port:          <none>
    Host Port:     <none>
    Command:
      /bin/sh
    Args:
      -c
      cp /ko-app/entrypoint /builder/tools/entrypoint
    State:          Terminated
      Reason:       Completed
      Exit Code:    0
      Started:      Thu, 27 Jun 2019 10:22:48 +0200
      Finished:     Thu, 27 Jun 2019 10:22:48 +0200
    Ready:          True
    Restart Count:  0
    Environment:
      HOME:  /builder/home
    Mounts:
      /builder/home from home (rw)
      /builder/tools from tools (rw)
      /var/run/secrets/kubernetes.io/serviceaccount from tekton-bot-token-bdmzk (ro)
      /workspace from workspace (rw)
Containers:
  build-step-git-source-h-philipp-scooters-master-k6x6k:
    Container ID:  docker://4321e2bf47ea4938b1eb70572281a9f58f3210bd49c252ff28d657ceeb64d1d9
    Image:         gcr.io/tekton-releases/github.com/tektoncd/pipeline/cmd/git-init:v0.4.0
    Image ID:      docker-pullable://gcr.io/tekton-releases/github.com/tektoncd/pipeline/cmd/git-init@sha256:4b91c31560f18a8f09c68d5288f2261797b6df31522a57a9d7350bc0060a1284
    Port:          <none>
    Host Port:     <none>
    Command:
      /builder/tools/entrypoint
    Args:
      -wait_file
      
      -post_file
      /builder/tools/0
      -entrypoint
      /ko-app/git-init
      --
      -url
      https://github.com/h-philipp/scooters
      -revision
      v0.0.11
      -path
      /workspace/source
    State:          Terminated
      Reason:       Completed
      Exit Code:    0
      Started:      Thu, 27 Jun 2019 10:22:49 +0200
      Finished:     Thu, 27 Jun 2019 10:22:51 +0200
    Ready:          False
    Restart Count:  0
    Requests:
      cpu:                0
      ephemeral-storage:  0
      memory:             0
    Environment:
      HOME:  /builder/home
    Mounts:
      /builder/home from home (rw)
      /builder/tools from tools (rw)
      /var/run/secrets/kubernetes.io/serviceaccount from tekton-bot-token-bdmzk (ro)
      /workspace from workspace (rw)
  build-step-git-merge:
    Container ID:  docker://e8e292a10b5b8b53a05866d1aff415ae5d0a360adcf8f35cae241419c3fb591b
    Image:         gcr.io/jenkinsxio/builder-jx:0.1.527
    Image ID:      docker-pullable://gcr.io/jenkinsxio/builder-jx@sha256:0480f76a8799e56363ae0597621364fe6a7b152480aec29daba096e5d6cfced5
    Port:          <none>
    Host Port:     <none>
    Command:
      /builder/tools/entrypoint
    Args:
      -wait_file
      /builder/tools/0
      -post_file
      /builder/tools/1
      -entrypoint
      jx
      --
      step
      git
      merge
      --verbose
    State:          Terminated
      Reason:       Completed
      Exit Code:    0
      Started:      Thu, 27 Jun 2019 10:22:50 +0200
      Finished:     Thu, 27 Jun 2019 10:22:52 +0200
    Ready:          False
    Restart Count:  0
    Requests:
      cpu:                400m
      ephemeral-storage:  0
      memory:             512Mi
    Environment:
      HOME:                 /builder/home
      BUILD_ID:             
      JOB_NAME:             
      JOB_SPEC:             {"type":"postsubmit","refs":{"org":"h-philipp","repo":"scooters","base_ref":"master"}}
      JOB_TYPE:             postsubmit
      PROW_JOB_ID:          
      PULL_BASE_REF:        master
      PULL_BASE_SHA:        
      PULL_REFS:            master:
      REPO_NAME:            scooters
      REPO_OWNER:           h-philipp
      DOCKER_REGISTRY:      <set to the key 'docker.registry' of config map 'jenkins-x-docker-registry'>  Optional: false
      TILLER_NAMESPACE:     kube-system
      DOCKER_CONFIG:        /home/jenkins/.docker/
      GIT_AUTHOR_EMAIL:     jenkins-x@googlegroups.com
      GIT_AUTHOR_NAME:      jenkins-x-bot
      GIT_COMMITTER_EMAIL:  jenkins-x@googlegroups.com
      GIT_COMMITTER_NAME:   jenkins-x-bot
      XDG_CONFIG_HOME:      /workspace/xdg_config
      BUILD_NUMBER:         7
      PIPELINE_KIND:        release
      APP_NAME:             scooters
      BRANCH_NAME:          master
      JX_BATCH_MODE:        true
      VERSION:              0.0.11
      PREVIEW_VERSION:      0.0.11
    Mounts:
      /builder/home from home (rw)
      /builder/tools from tools (rw)
      /etc/podinfo from podinfo (ro)
      /home/jenkins from workspace-volume (rw)
      /home/jenkins/.docker from volume-0 (rw)
      /var/run/docker.sock from docker-daemon (rw)
      /var/run/secrets/kubernetes.io/serviceaccount from tekton-bot-token-bdmzk (ro)
      /workspace from workspace (rw)
  build-step-setup-jx-git-credentials:
    Container ID:  docker://cab79f27ce3a5a77fafa45a55ace2de3eda07b53f6ec831438f43bec4dfd43d8
    Image:         gcr.io/jenkinsxio/builder-nodejs:0.1.535
    Image ID:      docker-pullable://gcr.io/jenkinsxio/builder-nodejs@sha256:8dc4bb45e0d34038d1789a793d1981d33f0733fa5ed7901eac6c8fe21dfd8f34
    Port:          <none>
    Host Port:     <none>
    Command:
      /builder/tools/entrypoint
    Args:
      -wait_file
      /builder/tools/1
      -post_file
      /builder/tools/2
      -entrypoint
      /bin/sh
      --
      -c
      jx step git credentials
    State:          Terminated
      Reason:       Completed
      Exit Code:    0
      Started:      Thu, 27 Jun 2019 10:22:50 +0200
      Finished:     Thu, 27 Jun 2019 10:22:52 +0200
    Ready:          False
    Restart Count:  0
    Requests:
      cpu:                0
      ephemeral-storage:  0
      memory:             0
    Environment:
      HOME:                 /builder/home
      BUILD_ID:             
      DOCKER_CONFIG:        /home/jenkins/.docker/
      DOCKER_REGISTRY:      <set to the key 'docker.registry' of config map 'jenkins-x-docker-registry'>  Optional: false
      GIT_AUTHOR_EMAIL:     jenkins-x@googlegroups.com
      GIT_AUTHOR_NAME:      jenkins-x-bot
      GIT_COMMITTER_EMAIL:  jenkins-x@googlegroups.com
      GIT_COMMITTER_NAME:   jenkins-x-bot
      JOB_NAME:             
      JOB_SPEC:             {"type":"postsubmit","refs":{"org":"h-philipp","repo":"scooters","base_ref":"master"}}
      JOB_TYPE:             postsubmit
      PROW_JOB_ID:          
      PULL_BASE_REF:        master
      PULL_BASE_SHA:        
      PULL_REFS:            master:
      REPO_NAME:            scooters
      REPO_OWNER:           h-philipp
      TILLER_NAMESPACE:     kube-system
      XDG_CONFIG_HOME:      /workspace/xdg_config
      BUILD_NUMBER:         7
      PIPELINE_KIND:        release
      APP_NAME:             scooters
      BRANCH_NAME:          master
      JX_BATCH_MODE:        true
      VERSION:              0.0.11
      PREVIEW_VERSION:      0.0.11
    Mounts:
      /builder/home from home (rw)
      /builder/tools from tools (rw)
      /etc/podinfo from podinfo (ro)
      /home/jenkins from workspace-volume (rw)
      /home/jenkins/.docker from volume-0 (rw)
      /var/run/docker.sock from docker-daemon (rw)
      /var/run/secrets/kubernetes.io/serviceaccount from tekton-bot-token-bdmzk (ro)
      /workspace from workspace (rw)
  build-step-build-npmrc:
    Container ID:  docker://6e02b963debe3596cfae7a2c1f4e4cd2126a07f32631023b242d77bd6f6da1b2
    Image:         jenkinsxio/jx:2.0.119
    Image ID:      docker-pullable://jenkinsxio/jx@sha256:c0c9cb728d14a2cd34ace9e57933679afd2e05f9adf660d620bce3b6aec4d85d
    Port:          <none>
    Host Port:     <none>
    Command:
      /builder/tools/entrypoint
    Args:
      -wait_file
      /builder/tools/2
      -post_file
      /builder/tools/3
      -entrypoint
      /bin/sh
      --
      -c
      jx step credential -s npm-token -k file -f /builder/home/.npmrc --optional=true
    State:          Terminated
      Reason:       Completed
      Exit Code:    0
      Started:      Thu, 27 Jun 2019 10:22:50 +0200
      Finished:     Thu, 27 Jun 2019 10:22:52 +0200
    Ready:          False
    Restart Count:  0
    Requests:
      cpu:                0
      ephemeral-storage:  0
      memory:             0
    Environment:
      HOME:                 /builder/home
      BUILD_ID:             
      DOCKER_CONFIG:        /home/jenkins/.docker/
      DOCKER_REGISTRY:      <set to the key 'docker.registry' of config map 'jenkins-x-docker-registry'>  Optional: false
      GIT_AUTHOR_EMAIL:     jenkins-x@googlegroups.com
      GIT_AUTHOR_NAME:      jenkins-x-bot
      GIT_COMMITTER_EMAIL:  jenkins-x@googlegroups.com
      GIT_COMMITTER_NAME:   jenkins-x-bot
      JOB_NAME:             
      JOB_SPEC:             {"type":"postsubmit","refs":{"org":"h-philipp","repo":"scooters","base_ref":"master"}}
      JOB_TYPE:             postsubmit
      PROW_JOB_ID:          
      PULL_BASE_REF:        master
      PULL_BASE_SHA:        
      PULL_REFS:            master:
      REPO_NAME:            scooters
      REPO_OWNER:           h-philipp
      TILLER_NAMESPACE:     kube-system
      XDG_CONFIG_HOME:      /workspace/xdg_config
      BUILD_NUMBER:         7
      PIPELINE_KIND:        release
      APP_NAME:             scooters
      BRANCH_NAME:          master
      JX_BATCH_MODE:        true
      VERSION:              0.0.11
      PREVIEW_VERSION:      0.0.11
    Mounts:
      /builder/home from home (rw)
      /builder/tools from tools (rw)
      /etc/podinfo from podinfo (ro)
      /home/jenkins from workspace-volume (rw)
      /home/jenkins/.docker from volume-0 (rw)
      /var/run/docker.sock from docker-daemon (rw)
      /var/run/secrets/kubernetes.io/serviceaccount from tekton-bot-token-bdmzk (ro)
      /workspace from workspace (rw)
  build-step-build-npm-install:
    Container ID:  docker://c95d34bb977f41c611ff9f13feed1a18eca29d1376d9f1ddc26fdb449b441b10
    Image:         gcr.io/jenkinsxio/builder-nodejs:0.1.535
    Image ID:      docker-pullable://gcr.io/jenkinsxio/builder-nodejs@sha256:8dc4bb45e0d34038d1789a793d1981d33f0733fa5ed7901eac6c8fe21dfd8f34
    Port:          <none>
    Host Port:     <none>
    Command:
      /builder/tools/entrypoint
    Args:
      -wait_file
      /builder/tools/3
      -post_file
      /builder/tools/4
      -entrypoint
      /bin/sh
      --
      -c
      npm install
    State:          Terminated
      Reason:       Completed
      Exit Code:    0
      Started:      Thu, 27 Jun 2019 10:22:50 +0200
      Finished:     Thu, 27 Jun 2019 10:22:54 +0200
    Ready:          False
    Restart Count:  0
    Requests:
      cpu:                0
      ephemeral-storage:  0
      memory:             0
    Environment:
      HOME:                 /builder/home
      BUILD_ID:             
      DOCKER_CONFIG:        /home/jenkins/.docker/
      DOCKER_REGISTRY:      <set to the key 'docker.registry' of config map 'jenkins-x-docker-registry'>  Optional: false
      GIT_AUTHOR_EMAIL:     jenkins-x@googlegroups.com
      GIT_AUTHOR_NAME:      jenkins-x-bot
      GIT_COMMITTER_EMAIL:  jenkins-x@googlegroups.com
      GIT_COMMITTER_NAME:   jenkins-x-bot
      JOB_NAME:             
      JOB_SPEC:             {"type":"postsubmit","refs":{"org":"h-philipp","repo":"scooters","base_ref":"master"}}
      JOB_TYPE:             postsubmit
      PROW_JOB_ID:          
      PULL_BASE_REF:        master
      PULL_BASE_SHA:        
      PULL_REFS:            master:
      REPO_NAME:            scooters
      REPO_OWNER:           h-philipp
      TILLER_NAMESPACE:     kube-system
      XDG_CONFIG_HOME:      /workspace/xdg_config
      BUILD_NUMBER:         7
      PIPELINE_KIND:        release
      APP_NAME:             scooters
      BRANCH_NAME:          master
      JX_BATCH_MODE:        true
      VERSION:              0.0.11
      PREVIEW_VERSION:      0.0.11
    Mounts:
      /builder/home from home (rw)
      /builder/tools from tools (rw)
      /etc/podinfo from podinfo (ro)
      /home/jenkins from workspace-volume (rw)
      /home/jenkins/.docker from volume-0 (rw)
      /var/run/docker.sock from docker-daemon (rw)
      /var/run/secrets/kubernetes.io/serviceaccount from tekton-bot-token-bdmzk (ro)
      /workspace from workspace (rw)
  build-step-build-npm-test:
    Container ID:  docker://bd1f7f8931dfd8d683e183816ceb666d161bca30213c26bccde004eb01078529
    Image:         gcr.io/jenkinsxio/builder-nodejs:0.1.535
    Image ID:      docker-pullable://gcr.io/jenkinsxio/builder-nodejs@sha256:8dc4bb45e0d34038d1789a793d1981d33f0733fa5ed7901eac6c8fe21dfd8f34
    Port:          <none>
    Host Port:     <none>
    Command:
      /builder/tools/entrypoint
    Args:
      -wait_file
      /builder/tools/4
      -post_file
      /builder/tools/5
      -entrypoint
      /bin/sh
      --
      -c
      CI=true DISPLAY=:99 npm test
    State:          Terminated
      Reason:       Completed
      Exit Code:    0
      Started:      Thu, 27 Jun 2019 10:22:50 +0200
      Finished:     Thu, 27 Jun 2019 10:22:54 +0200
    Ready:          False
    Restart Count:  0
    Requests:
      cpu:                0
      ephemeral-storage:  0
      memory:             0
    Environment:
      HOME:                 /builder/home
      BUILD_ID:             
      DOCKER_CONFIG:        /home/jenkins/.docker/
      DOCKER_REGISTRY:      <set to the key 'docker.registry' of config map 'jenkins-x-docker-registry'>  Optional: false
      GIT_AUTHOR_EMAIL:     jenkins-x@googlegroups.com
      GIT_AUTHOR_NAME:      jenkins-x-bot
      GIT_COMMITTER_EMAIL:  jenkins-x@googlegroups.com
      GIT_COMMITTER_NAME:   jenkins-x-bot
      JOB_NAME:             
      JOB_SPEC:             {"type":"postsubmit","refs":{"org":"h-philipp","repo":"scooters","base_ref":"master"}}
      JOB_TYPE:             postsubmit
      PROW_JOB_ID:          
      PULL_BASE_REF:        master
      PULL_BASE_SHA:        
      PULL_REFS:            master:
      REPO_NAME:            scooters
      REPO_OWNER:           h-philipp
      TILLER_NAMESPACE:     kube-system
      XDG_CONFIG_HOME:      /workspace/xdg_config
      BUILD_NUMBER:         7
      PIPELINE_KIND:        release
      APP_NAME:             scooters
      BRANCH_NAME:          master
      JX_BATCH_MODE:        true
      VERSION:              0.0.11
      PREVIEW_VERSION:      0.0.11
    Mounts:
      /builder/home from home (rw)
      /builder/tools from tools (rw)
      /etc/podinfo from podinfo (ro)
      /home/jenkins from workspace-volume (rw)
      /home/jenkins/.docker from volume-0 (rw)
      /var/run/docker.sock from docker-daemon (rw)
      /var/run/secrets/kubernetes.io/serviceaccount from tekton-bot-token-bdmzk (ro)
      /workspace from workspace (rw)
  build-step-build-container-build:
    Container ID:  docker://7410b6760c3efbdac4c106eb9ee58f937aa5e071dd709684474bf653026f222e
    Image:         gcr.io/kaniko-project/executor:9912ccbf8d22bbafbf971124600fbb0b13b9cbd6
    Image ID:      docker-pullable://gcr.io/kaniko-project/executor@sha256:94c69a4be5eccf88070e640bc682c969a53996c8a4490e39776c9411b974d8fa
    Port:          <none>
    Host Port:     <none>
    Command:
      /builder/tools/entrypoint
    Args:
      -wait_file
      /builder/tools/5
      -post_file
      /builder/tools/6
      -entrypoint
      /kaniko/executor
      --
      --cache=true
      --cache-dir=/workspace
      --context=/workspace/source
      --dockerfile=/workspace/source/Dockerfile
      --destination=245642514919.dkr.ecr.eu-central-1.amazonaws.com/h-philipp/scooters:0.0.11
      --cache-repo=245642514919.dkr.ecr.eu-central-1.amazonaws.com/todo/cache
      --skip-tls-verify-registry=245642514919.dkr.ecr.eu-central-1.amazonaws.com
    State:          Terminated
      Reason:       Completed
      Exit Code:    0
      Started:      Thu, 27 Jun 2019 10:22:50 +0200
      Finished:     Thu, 27 Jun 2019 10:23:08 +0200
    Ready:          False
    Restart Count:  0
    Requests:
      cpu:                0
      ephemeral-storage:  0
      memory:             0
    Environment:
      HOME:                            /builder/home
      BUILD_ID:                        
      DOCKER_CONFIG:                   /home/jenkins/.docker/
      DOCKER_REGISTRY:                 <set to the key 'docker.registry' of config map 'jenkins-x-docker-registry'>  Optional: false
      GIT_AUTHOR_EMAIL:                jenkins-x@googlegroups.com
      GIT_AUTHOR_NAME:                 jenkins-x-bot
      GIT_COMMITTER_EMAIL:             jenkins-x@googlegroups.com
      GIT_COMMITTER_NAME:              jenkins-x-bot
      JOB_NAME:                        
      JOB_SPEC:                        {"type":"postsubmit","refs":{"org":"h-philipp","repo":"scooters","base_ref":"master"}}
      JOB_TYPE:                        postsubmit
      PROW_JOB_ID:                     
      PULL_BASE_REF:                   master
      PULL_BASE_SHA:                   
      PULL_REFS:                       master:
      REPO_NAME:                       scooters
      REPO_OWNER:                      h-philipp
      TILLER_NAMESPACE:                kube-system
      XDG_CONFIG_HOME:                 /workspace/xdg_config
      BUILD_NUMBER:                    7
      PIPELINE_KIND:                   release
      APP_NAME:                        scooters
      BRANCH_NAME:                     master
      JX_BATCH_MODE:                   true
      VERSION:                         0.0.11
      GOOGLE_APPLICATION_CREDENTIALS:  /kaniko-secret/secret.json
      PREVIEW_VERSION:                 0.0.11
    Mounts:
      /builder/home from home (rw)
      /builder/tools from tools (rw)
      /etc/podinfo from podinfo (ro)
      /home/jenkins from workspace-volume (rw)
      /home/jenkins/.docker from volume-0 (rw)
      /var/run/docker.sock from docker-daemon (rw)
      /var/run/secrets/kubernetes.io/serviceaccount from tekton-bot-token-bdmzk (ro)
      /workspace from workspace (rw)
  build-step-build-post-build:
    Container ID:  docker://d97eb1ecb85efcb4ad04a1421f796343ba630b7896a45ca0b8fe67bd8d889999
    Image:         gcr.io/jenkinsxio/builder-nodejs:0.1.535
    Image ID:      docker-pullable://gcr.io/jenkinsxio/builder-nodejs@sha256:8dc4bb45e0d34038d1789a793d1981d33f0733fa5ed7901eac6c8fe21dfd8f34
    Port:          <none>
    Host Port:     <none>
    Command:
      /builder/tools/entrypoint
    Args:
      -wait_file
      /builder/tools/6
      -post_file
      /builder/tools/7
      -entrypoint
      /bin/sh
      --
      -c
      jx step post build --image $DOCKER_REGISTRY/$ORG/$APP_NAME:${VERSION}
    State:          Terminated
      Reason:       Completed
      Exit Code:    0
      Started:      Thu, 27 Jun 2019 10:22:51 +0200
      Finished:     Thu, 27 Jun 2019 10:23:09 +0200
    Ready:          False
    Restart Count:  0
    Requests:
      cpu:                0
      ephemeral-storage:  0
      memory:             0
    Environment:
      HOME:                 /builder/home
      BUILD_ID:             
      DOCKER_CONFIG:        /home/jenkins/.docker/
      DOCKER_REGISTRY:      <set to the key 'docker.registry' of config map 'jenkins-x-docker-registry'>  Optional: false
      GIT_AUTHOR_EMAIL:     jenkins-x@googlegroups.com
      GIT_AUTHOR_NAME:      jenkins-x-bot
      GIT_COMMITTER_EMAIL:  jenkins-x@googlegroups.com
      GIT_COMMITTER_NAME:   jenkins-x-bot
      JOB_NAME:             
      JOB_SPEC:             {"type":"postsubmit","refs":{"org":"h-philipp","repo":"scooters","base_ref":"master"}}
      JOB_TYPE:             postsubmit
      PROW_JOB_ID:          
      PULL_BASE_REF:        master
      PULL_BASE_SHA:        
      PULL_REFS:            master:
      REPO_NAME:            scooters
      REPO_OWNER:           h-philipp
      TILLER_NAMESPACE:     kube-system
      XDG_CONFIG_HOME:      /workspace/xdg_config
      BUILD_NUMBER:         7
      PIPELINE_KIND:        release
      APP_NAME:             scooters
      BRANCH_NAME:          master
      JX_BATCH_MODE:        true
      VERSION:              0.0.11
      PREVIEW_VERSION:      0.0.11
    Mounts:
      /builder/home from home (rw)
      /builder/tools from tools (rw)
      /etc/podinfo from podinfo (ro)
      /home/jenkins from workspace-volume (rw)
      /home/jenkins/.docker from volume-0 (rw)
      /var/run/docker.sock from docker-daemon (rw)
      /var/run/secrets/kubernetes.io/serviceaccount from tekton-bot-token-bdmzk (ro)
      /workspace from workspace (rw)
  build-step-promote-changelog:
    Container ID:  docker://bf6cb9f79c557f679ce75b305ef51f28f497ceaafbb32a1031acd3455525074a
    Image:         gcr.io/jenkinsxio/builder-nodejs:0.1.535
    Image ID:      docker-pullable://gcr.io/jenkinsxio/builder-nodejs@sha256:8dc4bb45e0d34038d1789a793d1981d33f0733fa5ed7901eac6c8fe21dfd8f34
    Port:          <none>
    Host Port:     <none>
    Command:
      /builder/tools/entrypoint
    Args:
      -wait_file
      /builder/tools/7
      -post_file
      /builder/tools/8
      -entrypoint
      /bin/sh
      --
      -c
      jx step changelog --batch-mode --version v${VERSION}
    State:          Terminated
      Reason:       Completed
      Exit Code:    0
      Started:      Thu, 27 Jun 2019 10:22:51 +0200
      Finished:     Thu, 27 Jun 2019 10:23:14 +0200
    Ready:          False
    Restart Count:  0
    Requests:
      cpu:                0
      ephemeral-storage:  0
      memory:             0
    Environment:
      HOME:                 /builder/home
      BUILD_ID:             
      DOCKER_CONFIG:        /home/jenkins/.docker/
      DOCKER_REGISTRY:      <set to the key 'docker.registry' of config map 'jenkins-x-docker-registry'>  Optional: false
      GIT_AUTHOR_EMAIL:     jenkins-x@googlegroups.com
      GIT_AUTHOR_NAME:      jenkins-x-bot
      GIT_COMMITTER_EMAIL:  jenkins-x@googlegroups.com
      GIT_COMMITTER_NAME:   jenkins-x-bot
      JOB_NAME:             
      JOB_SPEC:             {"type":"postsubmit","refs":{"org":"h-philipp","repo":"scooters","base_ref":"master"}}
      JOB_TYPE:             postsubmit
      PROW_JOB_ID:          
      PULL_BASE_REF:        master
      PULL_BASE_SHA:        
      PULL_REFS:            master:
      REPO_NAME:            scooters
      REPO_OWNER:           h-philipp
      TILLER_NAMESPACE:     kube-system
      XDG_CONFIG_HOME:      /workspace/xdg_config
      BUILD_NUMBER:         7
      PIPELINE_KIND:        release
      APP_NAME:             scooters
      BRANCH_NAME:          master
      JX_BATCH_MODE:        true
      VERSION:              0.0.11
      PREVIEW_VERSION:      0.0.11
    Mounts:
      /builder/home from home (rw)
      /builder/tools from tools (rw)
      /etc/podinfo from podinfo (ro)
      /home/jenkins from workspace-volume (rw)
      /home/jenkins/.docker from volume-0 (rw)
      /var/run/docker.sock from docker-daemon (rw)
      /var/run/secrets/kubernetes.io/serviceaccount from tekton-bot-token-bdmzk (ro)
      /workspace from workspace (rw)
  build-step-promote-helm-release:
    Container ID:  docker://e33e4a9bfb769bd2545bb0c53dd91ce3df2d0aee5392546607f95bfdd801fb83
    Image:         gcr.io/jenkinsxio/builder-nodejs:0.1.535
    Image ID:      docker-pullable://gcr.io/jenkinsxio/builder-nodejs@sha256:8dc4bb45e0d34038d1789a793d1981d33f0733fa5ed7901eac6c8fe21dfd8f34
    Port:          <none>
    Host Port:     <none>
    Command:
      /builder/tools/entrypoint
    Args:
      -wait_file
      /builder/tools/8
      -post_file
      /builder/tools/9
      -entrypoint
      /bin/sh
      --
      -c
      jx step helm release
    State:          Terminated
      Reason:       Completed
      Exit Code:    0
      Started:      Thu, 27 Jun 2019 10:22:51 +0200
      Finished:     Thu, 27 Jun 2019 10:23:17 +0200
    Ready:          False
    Restart Count:  0
    Requests:
      cpu:                0
      ephemeral-storage:  0
      memory:             0
    Environment:
      HOME:                 /builder/home
      BUILD_ID:             
      DOCKER_CONFIG:        /home/jenkins/.docker/
      DOCKER_REGISTRY:      <set to the key 'docker.registry' of config map 'jenkins-x-docker-registry'>  Optional: false
      GIT_AUTHOR_EMAIL:     jenkins-x@googlegroups.com
      GIT_AUTHOR_NAME:      jenkins-x-bot
      GIT_COMMITTER_EMAIL:  jenkins-x@googlegroups.com
      GIT_COMMITTER_NAME:   jenkins-x-bot
      JOB_NAME:             
      JOB_SPEC:             {"type":"postsubmit","refs":{"org":"h-philipp","repo":"scooters","base_ref":"master"}}
      JOB_TYPE:             postsubmit
      PROW_JOB_ID:          
      PULL_BASE_REF:        master
      PULL_BASE_SHA:        
      PULL_REFS:            master:
      REPO_NAME:            scooters
      REPO_OWNER:           h-philipp
      TILLER_NAMESPACE:     kube-system
      XDG_CONFIG_HOME:      /workspace/xdg_config
      BUILD_NUMBER:         7
      PIPELINE_KIND:        release
      APP_NAME:             scooters
      BRANCH_NAME:          master
      JX_BATCH_MODE:        true
      VERSION:              0.0.11
      PREVIEW_VERSION:      0.0.11
    Mounts:
      /builder/home from home (rw)
      /builder/tools from tools (rw)
      /etc/podinfo from podinfo (ro)
      /home/jenkins from workspace-volume (rw)
      /home/jenkins/.docker from volume-0 (rw)
      /var/run/docker.sock from docker-daemon (rw)
      /var/run/secrets/kubernetes.io/serviceaccount from tekton-bot-token-bdmzk (ro)
      /workspace from workspace (rw)
  build-step-promote-jx-promote:
    Container ID:  docker://d5edfa651f6881c3ee34d4e81d820a1686cabea71d66f402fe46433af7f67b2c
    Image:         gcr.io/jenkinsxio/builder-nodejs:0.1.535
    Image ID:      docker-pullable://gcr.io/jenkinsxio/builder-nodejs@sha256:8dc4bb45e0d34038d1789a793d1981d33f0733fa5ed7901eac6c8fe21dfd8f34
    Port:          <none>
    Host Port:     <none>
    Command:
      /builder/tools/entrypoint
    Args:
      -wait_file
      /builder/tools/9
      -post_file
      /builder/tools/10
      -entrypoint
      /bin/sh
      --
      -c
      jx promote -b --all-auto --timeout 1h --version ${VERSION}
    State:          Terminated
      Reason:       Completed
      Exit Code:    0
      Started:      Thu, 27 Jun 2019 10:22:51 +0200
      Finished:     Thu, 27 Jun 2019 10:25:30 +0200
    Ready:          False
    Restart Count:  0
    Requests:
      cpu:                0
      ephemeral-storage:  0
      memory:             0
    Environment:
      HOME:                 /builder/home
      BUILD_ID:             
      DOCKER_CONFIG:        /home/jenkins/.docker/
      DOCKER_REGISTRY:      <set to the key 'docker.registry' of config map 'jenkins-x-docker-registry'>  Optional: false
      GIT_AUTHOR_EMAIL:     jenkins-x@googlegroups.com
      GIT_AUTHOR_NAME:      jenkins-x-bot
      GIT_COMMITTER_EMAIL:  jenkins-x@googlegroups.com
      GIT_COMMITTER_NAME:   jenkins-x-bot
      JOB_NAME:             
      JOB_SPEC:             {"type":"postsubmit","refs":{"org":"h-philipp","repo":"scooters","base_ref":"master"}}
      JOB_TYPE:             postsubmit
      PROW_JOB_ID:          
      PULL_BASE_REF:        master
      PULL_BASE_SHA:        
      PULL_REFS:            master:
      REPO_NAME:            scooters
      REPO_OWNER:           h-philipp
      TILLER_NAMESPACE:     kube-system
      XDG_CONFIG_HOME:      /workspace/xdg_config
      BUILD_NUMBER:         7
      PIPELINE_KIND:        release
      APP_NAME:             scooters
      BRANCH_NAME:          master
      JX_BATCH_MODE:        true
      VERSION:              0.0.11
      PREVIEW_VERSION:      0.0.11
    Mounts:
      /builder/home from home (rw)
      /builder/tools from tools (rw)
      /etc/podinfo from podinfo (ro)
      /home/jenkins from workspace-volume (rw)
      /home/jenkins/.docker from volume-0 (rw)
      /var/run/docker.sock from docker-daemon (rw)
      /var/run/secrets/kubernetes.io/serviceaccount from tekton-bot-token-bdmzk (ro)
      /workspace from workspace (rw)
  nop:
    Container ID:  docker://dd1e1be7b518666074cb223c50679116e0afd6a03e9269ff60dd3710954ed67e
    Image:         gcr.io/tekton-releases/github.com/tektoncd/pipeline/cmd/nop:v0.4.0
    Image ID:      docker-pullable://gcr.io/tekton-releases/github.com/tektoncd/pipeline/cmd/nop@sha256:9160ed41b20b2822d06e907d89f6398ea866c86a971f83371efb9e147fba079f
    Port:          <none>
    Host Port:     <none>
    Command:
      /builder/tools/entrypoint
    Args:
      -wait_file
      /builder/tools/10
      -post_file
      /builder/tools/11
      -entrypoint
      /ko-app/nop
      --
    State:          Terminated
      Reason:       Completed
      Exit Code:    0
      Started:      Thu, 27 Jun 2019 10:22:51 +0200
      Finished:     Thu, 27 Jun 2019 10:25:30 +0200
    Ready:          False
    Restart Count:  0
    Environment:    <none>
    Mounts:
      /builder/tools from tools (rw)
      /var/run/secrets/kubernetes.io/serviceaccount from tekton-bot-token-bdmzk (ro)
Conditions:
  Type              Status
  Initialized       True 
  Ready             False 
  ContainersReady   False 
  PodScheduled      True 
Volumes:
  docker-daemon:
    Type:          HostPath (bare host directory volume)
    Path:          /var/run/docker.sock
    HostPathType:  
  volume-0:
    Type:        Secret (a volume populated by a Secret)
    SecretName:  jenkins-docker-cfg
    Optional:    false
  workspace-volume:
    Type:       EmptyDir (a temporary directory that shares a pod's lifetime)
    Medium:     
    SizeLimit:  <unset>
  podinfo:
    Type:  DownwardAPI (a volume populated by information about the pod)
    Items:
      metadata.labels -> labels
  tools:
    Type:       EmptyDir (a temporary directory that shares a pod's lifetime)
    Medium:     
    SizeLimit:  <unset>
  workspace:
    Type:       EmptyDir (a temporary directory that shares a pod's lifetime)
    Medium:     
    SizeLimit:  <unset>
  home:
    Type:       EmptyDir (a temporary directory that shares a pod's lifetime)
    Medium:     
    SizeLimit:  <unset>
  secret-volume-knative-git-user-pass-q6bdt:
    Type:        Secret (a volume populated by a Secret)
    SecretName:  knative-git-user-pass
    Optional:    false
  tekton-bot-token-bdmzk:
    Type:        Secret (a volume populated by a Secret)
    SecretName:  tekton-bot-token-bdmzk
    Optional:    false
QoS Class:       Burstable
Node-Selectors:  <none>
Tolerations:     node.kubernetes.io/not-ready:NoExecute for 300s
                 node.kubernetes.io/unreachable:NoExecute for 300s
Events:
  Type    Reason     Age   From                                                      Message
  ----    ------     ----  ----                                                      -------
  Normal  Scheduled  12m   default-scheduler                                         Successfully assigned jx/h-philipp-scooters-master-7-from-build-pack-b6n8w-pod-2633a4 to ip-192-168-30-250.eu-central-1.compute.internal
  Normal  Pulled     12m   kubelet, ip-192-168-30-250.eu-central-1.compute.internal  Container image "gcr.io/tekton-releases/github.com/tektoncd/pipeline/cmd/creds-init:v0.4.0" already present on machine
  Normal  Created    12m   kubelet, ip-192-168-30-250.eu-central-1.compute.internal  Created container
  Normal  Started    12m   kubelet, ip-192-168-30-250.eu-central-1.compute.internal  Started container
  Normal  Pulled     12m   kubelet, ip-192-168-30-250.eu-central-1.compute.internal  Container image "gcr.io/tekton-releases/github.com/tektoncd/pipeline/cmd/bash:v0.4.0" already present on machine
  Normal  Created    12m   kubelet, ip-192-168-30-250.eu-central-1.compute.internal  Created container
  Normal  Started    12m   kubelet, ip-192-168-30-250.eu-central-1.compute.internal  Started container
  Normal  Pulled     12m   kubelet, ip-192-168-30-250.eu-central-1.compute.internal  Container image "gcr.io/tekton-releases/github.com/tektoncd/pipeline/cmd/entrypoint:v0.4.0" already present on machine
  Normal  Created    12m   kubelet, ip-192-168-30-250.eu-central-1.compute.internal  Created container
  Normal  Started    12m   kubelet, ip-192-168-30-250.eu-central-1.compute.internal  Started container
  Normal  Pulled     12m   kubelet, ip-192-168-30-250.eu-central-1.compute.internal  Container image "gcr.io/tekton-releases/github.com/tektoncd/pipeline/cmd/git-init:v0.4.0" already present on machine
  Normal  Created    12m   kubelet, ip-192-168-30-250.eu-central-1.compute.internal  Created container
  Normal  Started    12m   kubelet, ip-192-168-30-250.eu-central-1.compute.internal  Started container
  Normal  Created    12m   kubelet, ip-192-168-30-250.eu-central-1.compute.internal  Created container
  Normal  Pulled     12m   kubelet, ip-192-168-30-250.eu-central-1.compute.internal  Container image "gcr.io/jenkinsxio/builder-jx:0.1.527" already present on machine
  Normal  Started    12m   kubelet, ip-192-168-30-250.eu-central-1.compute.internal  Started container
  Normal  Pulled     12m   kubelet, ip-192-168-30-250.eu-central-1.compute.internal  Container image "gcr.io/jenkinsxio/builder-nodejs:0.1.535" already present on machine
  Normal  Created    12m   kubelet, ip-192-168-30-250.eu-central-1.compute.internal  Created container
  Normal  Started    12m   kubelet, ip-192-168-30-250.eu-central-1.compute.internal  Started container
  Normal  Pulled     12m   kubelet, ip-192-168-30-250.eu-central-1.compute.internal  Container image "jenkinsxio/jx:2.0.119" already present on machine
  Normal  Created    12m   kubelet, ip-192-168-30-250.eu-central-1.compute.internal  Created container
  Normal  Started    12m   kubelet, ip-192-168-30-250.eu-central-1.compute.internal  Started container
  Normal  Pulled     12m   kubelet, ip-192-168-30-250.eu-central-1.compute.internal  Container image "gcr.io/jenkinsxio/builder-nodejs:0.1.535" already present on machine
  Normal  Created    12m   kubelet, ip-192-168-30-250.eu-central-1.compute.internal  Created container
  Normal  Started    12m   kubelet, ip-192-168-30-250.eu-central-1.compute.internal  Started container
  Normal  Pulled     12m   kubelet, ip-192-168-30-250.eu-central-1.compute.internal  Container image "gcr.io/jenkinsxio/builder-nodejs:0.1.535" already present on machine
